{"/home/limzz/gaffy/src/App.js": {"path":"/home/limzz/gaffy/src/App.js","statementMap":{"0":{"start":{"line":9,"column":13},"end":{"line":9,"column":57}},"1":{"start":{"line":9,"column":30},"end":{"line":9,"column":56}},"2":{"start":{"line":10,"column":17},"end":{"line":10,"column":65}},"3":{"start":{"line":10,"column":34},"end":{"line":10,"column":64}},"4":{"start":{"line":13,"column":2},"end":{"line":24,"column":4}}},"fnMap":{"0":{"name":"(anonymous_0)","decl":{"start":{"line":9,"column":24},"end":{"line":9,"column":25}},"loc":{"start":{"line":9,"column":30},"end":{"line":9,"column":56}},"line":9},"1":{"name":"(anonymous_1)","decl":{"start":{"line":10,"column":28},"end":{"line":10,"column":29}},"loc":{"start":{"line":10,"column":34},"end":{"line":10,"column":64}},"line":10},"2":{"name":"App","decl":{"start":{"line":12,"column":9},"end":{"line":12,"column":12}},"loc":{"start":{"line":12,"column":15},"end":{"line":25,"column":1}},"line":12}},"branchMap":{},"s":{"0":1,"1":1,"2":1,"3":0,"4":2},"f":{"0":1,"1":0,"2":2},"b":{},"_coverageSchema":"1a1c01bbd47fc00a2c39e90264f33305004495a9","hash":"ad2702f46ae1620cec3e0a5ef6b836da19c11c11"}
,"/home/limzz/gaffy/src/components/Favorites/Favorites.jsx": {"path":"/home/limzz/gaffy/src/components/Favorites/Favorites.jsx","statementMap":{"0":{"start":{"line":8,"column":16},"end":{"line":33,"column":1}},"1":{"start":{"line":9,"column":19},"end":{"line":9,"column":32}},"2":{"start":{"line":10,"column":19},"end":{"line":10,"column":32}},"3":{"start":{"line":12,"column":2},"end":{"line":32,"column":4}},"4":{"start":{"line":19,"column":23},"end":{"line":19,"column":41}},"5":{"start":{"line":28,"column":29},"end":{"line":28,"column":57}},"6":{"start":{"line":36,"column":25},"end":{"line":36,"column":52}},"7":{"start":{"line":38,"column":2},"end":{"line":68,"column":4}},"8":{"start":{"line":48,"column":10},"end":{"line":48,"column":78}},"9":{"start":{"line":55,"column":10},"end":{"line":60,"column":12}}},"fnMap":{"0":{"name":"(anonymous_0)","decl":{"start":{"line":8,"column":16},"end":{"line":8,"column":17}},"loc":{"start":{"line":8,"column":46},"end":{"line":33,"column":1}},"line":8},"1":{"name":"(anonymous_1)","decl":{"start":{"line":19,"column":17},"end":{"line":19,"column":18}},"loc":{"start":{"line":19,"column":23},"end":{"line":19,"column":41}},"line":19},"2":{"name":"(anonymous_2)","decl":{"start":{"line":28,"column":23},"end":{"line":28,"column":24}},"loc":{"start":{"line":28,"column":29},"end":{"line":28,"column":57}},"line":28},"3":{"name":"Favorites","decl":{"start":{"line":35,"column":9},"end":{"line":35,"column":18}},"loc":{"start":{"line":35,"column":21},"end":{"line":69,"column":1}},"line":35},"4":{"name":"(anonymous_4)","decl":{"start":{"line":47,"column":17},"end":{"line":47,"column":18}},"loc":{"start":{"line":48,"column":10},"end":{"line":48,"column":78}},"line":48},"5":{"name":"(anonymous_5)","decl":{"start":{"line":54,"column":27},"end":{"line":54,"column":28}},"loc":{"start":{"line":55,"column":10},"end":{"line":60,"column":12}},"line":55}},"branchMap":{"0":{"loc":{"start":{"line":53,"column":7},"end":{"line":66,"column":7}},"type":"cond-expr","locations":[{"start":{"line":54,"column":8},"end":{"line":61,"column":10}},{"start":{"line":63,"column":8},"end":{"line":65,"column":13}}],"line":53}},"s":{"0":1,"1":0,"2":0,"3":0,"4":0,"5":0,"6":1,"7":1,"8":0,"9":0},"f":{"0":0,"1":0,"2":0,"3":1,"4":0,"5":0},"b":{"0":[0,1]},"_coverageSchema":"1a1c01bbd47fc00a2c39e90264f33305004495a9","hash":"4771fb4e11f154a0feee6455a5826af4c3e24aee"}
,"/home/limzz/gaffy/src/components/GamesList/GamesList.jsx": {"path":"/home/limzz/gaffy/src/components/GamesList/GamesList.jsx","statementMap":{"0":{"start":{"line":16,"column":19},"end":{"line":16,"column":32}},"1":{"start":{"line":17,"column":16},"end":{"line":17,"column":40}},"2":{"start":{"line":18,"column":18},"end":{"line":18,"column":44}},"3":{"start":{"line":20,"column":40},"end":{"line":20,"column":51}},"4":{"start":{"line":21,"column":18},"end":{"line":21,"column":46}},"5":{"start":{"line":22,"column":24},"end":{"line":22,"column":76}},"6":{"start":{"line":24,"column":2},"end":{"line":32,"column":9}},"7":{"start":{"line":25,"column":4},"end":{"line":31,"column":9}},"8":{"start":{"line":26,"column":6},"end":{"line":30,"column":7}},"9":{"start":{"line":27,"column":8},"end":{"line":27,"column":33}},"10":{"start":{"line":28,"column":22},"end":{"line":28,"column":60}},"11":{"start":{"line":29,"column":8},"end":{"line":29,"column":36}},"12":{"start":{"line":34,"column":2},"end":{"line":85,"column":3}},"13":{"start":{"line":35,"column":4},"end":{"line":84,"column":6}},"14":{"start":{"line":45,"column":12},"end":{"line":52,"column":14}},"15":{"start":{"line":60,"column":16},"end":{"line":60,"column":61}},"16":{"start":{"line":60,"column":46},"end":{"line":60,"column":59}},"17":{"start":{"line":61,"column":16},"end":{"line":61,"column":38}},"18":{"start":{"line":73,"column":16},"end":{"line":73,"column":61}},"19":{"start":{"line":73,"column":46},"end":{"line":73,"column":59}},"20":{"start":{"line":74,"column":16},"end":{"line":74,"column":38}},"21":{"start":{"line":87,"column":2},"end":{"line":94,"column":4}}},"fnMap":{"0":{"name":"GamesList","decl":{"start":{"line":15,"column":9},"end":{"line":15,"column":18}},"loc":{"start":{"line":15,"column":21},"end":{"line":95,"column":1}},"line":15},"1":{"name":"(anonymous_1)","decl":{"start":{"line":24,"column":12},"end":{"line":24,"column":13}},"loc":{"start":{"line":24,"column":18},"end":{"line":32,"column":3}},"line":24},"2":{"name":"(anonymous_2)","decl":{"start":{"line":25,"column":5},"end":{"line":25,"column":6}},"loc":{"start":{"line":25,"column":23},"end":{"line":31,"column":5}},"line":25},"3":{"name":"(anonymous_3)","decl":{"start":{"line":44,"column":29},"end":{"line":44,"column":30}},"loc":{"start":{"line":45,"column":12},"end":{"line":52,"column":14}},"line":45},"4":{"name":"(anonymous_4)","decl":{"start":{"line":59,"column":23},"end":{"line":59,"column":24}},"loc":{"start":{"line":59,"column":29},"end":{"line":62,"column":15}},"line":59},"5":{"name":"(anonymous_5)","decl":{"start":{"line":60,"column":31},"end":{"line":60,"column":32}},"loc":{"start":{"line":60,"column":46},"end":{"line":60,"column":59}},"line":60},"6":{"name":"(anonymous_6)","decl":{"start":{"line":72,"column":23},"end":{"line":72,"column":24}},"loc":{"start":{"line":72,"column":29},"end":{"line":75,"column":15}},"line":72},"7":{"name":"(anonymous_7)","decl":{"start":{"line":73,"column":31},"end":{"line":73,"column":32}},"loc":{"start":{"line":73,"column":46},"end":{"line":73,"column":59}},"line":73}},"branchMap":{"0":{"loc":{"start":{"line":26,"column":6},"end":{"line":30,"column":7}},"type":"if","locations":[{"start":{"line":26,"column":6},"end":{"line":30,"column":7}},{"start":{},"end":{}}],"line":26},"1":{"loc":{"start":{"line":26,"column":10},"end":{"line":26,"column":39}},"type":"binary-expr","locations":[{"start":{"line":26,"column":10},"end":{"line":26,"column":17}},{"start":{"line":26,"column":21},"end":{"line":26,"column":39}}],"line":26},"2":{"loc":{"start":{"line":34,"column":2},"end":{"line":85,"column":3}},"type":"if","locations":[{"start":{"line":34,"column":2},"end":{"line":85,"column":3}},{"start":{},"end":{}}],"line":34},"3":{"loc":{"start":{"line":56,"column":11},"end":{"line":68,"column":11}},"type":"cond-expr","locations":[{"start":{"line":57,"column":12},"end":{"line":65,"column":21}},{"start":{"line":67,"column":12},"end":{"line":67,"column":14}}],"line":56},"4":{"loc":{"start":{"line":69,"column":11},"end":{"line":81,"column":11}},"type":"cond-expr","locations":[{"start":{"line":70,"column":12},"end":{"line":78,"column":21}},{"start":{"line":80,"column":12},"end":{"line":80,"column":14}}],"line":69}},"s":{"0":1,"1":1,"2":1,"3":1,"4":1,"5":1,"6":1,"7":1,"8":1,"9":0,"10":0,"11":0,"12":1,"13":0,"14":0,"15":0,"16":0,"17":0,"18":0,"19":0,"20":0,"21":1},"f":{"0":1,"1":1,"2":1,"3":0,"4":0,"5":0,"6":0,"7":0},"b":{"0":[0,1],"1":[1,0],"2":[0,1],"3":[0,0],"4":[0,0]},"_coverageSchema":"1a1c01bbd47fc00a2c39e90264f33305004495a9","hash":"f2fe67ae356f057a5f9af030e16146cc63b2802d"}
,"/home/limzz/gaffy/src/components/HeaderHome/HeaderHome.jsx": {"path":"/home/limzz/gaffy/src/components/HeaderHome/HeaderHome.jsx","statementMap":{"0":{"start":{"line":9,"column":2},"end":{"line":58,"column":4}},"1":{"start":{"line":24,"column":10},"end":{"line":26,"column":39}}},"fnMap":{"0":{"name":"HeaderHome","decl":{"start":{"line":8,"column":9},"end":{"line":8,"column":19}},"loc":{"start":{"line":8,"column":34},"end":{"line":59,"column":1}},"line":8},"1":{"name":"(anonymous_1)","decl":{"start":{"line":23,"column":17},"end":{"line":23,"column":18}},"loc":{"start":{"line":24,"column":10},"end":{"line":26,"column":39}},"line":24}},"branchMap":{},"s":{"0":1,"1":0},"f":{"0":1,"1":0},"b":{},"_coverageSchema":"1a1c01bbd47fc00a2c39e90264f33305004495a9","hash":"cbebf22ef4283689069d522dccd70318b3e3ace5"}
,"/home/limzz/gaffy/src/components/ItemTag/ItemTag.jsx": {"path":"/home/limzz/gaffy/src/components/ItemTag/ItemTag.jsx","statementMap":{"0":{"start":{"line":16,"column":19},"end":{"line":16,"column":32}},"1":{"start":{"line":18,"column":2},"end":{"line":80,"column":4}},"2":{"start":{"line":24,"column":10},"end":{"line":24,"column":22}},"3":{"start":{"line":25,"column":10},"end":{"line":25,"column":40}},"4":{"start":{"line":34,"column":12},"end":{"line":54,"column":17}},"5":{"start":{"line":40,"column":18},"end":{"line":40,"column":70}},"6":{"start":{"line":41,"column":16},"end":{"line":41,"column":28}},"7":{"start":{"line":42,"column":16},"end":{"line":42,"column":46}},"8":{"start":{"line":43,"column":16},"end":{"line":43,"column":58}},"9":{"start":{"line":44,"column":16},"end":{"line":44,"column":41}},"10":{"start":{"line":45,"column":30},"end":{"line":45,"column":66}},"11":{"start":{"line":46,"column":16},"end":{"line":46,"column":44}},"12":{"start":{"line":47,"column":16},"end":{"line":47,"column":44}},"13":{"start":{"line":60,"column":12},"end":{"line":60,"column":24}},"14":{"start":{"line":61,"column":12},"end":{"line":61,"column":32}},"15":{"start":{"line":69,"column":12},"end":{"line":69,"column":24}},"16":{"start":{"line":70,"column":12},"end":{"line":70,"column":42}},"17":{"start":{"line":71,"column":12},"end":{"line":73,"column":19}},"18":{"start":{"line":72,"column":14},"end":{"line":72,"column":25}}},"fnMap":{"0":{"name":"ItemTag","decl":{"start":{"line":15,"column":9},"end":{"line":15,"column":16}},"loc":{"start":{"line":15,"column":57},"end":{"line":81,"column":1}},"line":15},"1":{"name":"(anonymous_1)","decl":{"start":{"line":23,"column":17},"end":{"line":23,"column":18}},"loc":{"start":{"line":23,"column":23},"end":{"line":26,"column":9}},"line":23},"2":{"name":"(anonymous_2)","decl":{"start":{"line":33,"column":22},"end":{"line":33,"column":23}},"loc":{"start":{"line":34,"column":12},"end":{"line":54,"column":17}},"line":34},"3":{"name":"(anonymous_3)","decl":{"start":{"line":38,"column":23},"end":{"line":38,"column":24}},"loc":{"start":{"line":38,"column":36},"end":{"line":48,"column":15}},"line":38},"4":{"name":"(anonymous_4)","decl":{"start":{"line":59,"column":19},"end":{"line":59,"column":20}},"loc":{"start":{"line":59,"column":25},"end":{"line":62,"column":11}},"line":59},"5":{"name":"(anonymous_5)","decl":{"start":{"line":68,"column":19},"end":{"line":68,"column":20}},"loc":{"start":{"line":68,"column":25},"end":{"line":74,"column":11}},"line":68},"6":{"name":"(anonymous_6)","decl":{"start":{"line":71,"column":23},"end":{"line":71,"column":24}},"loc":{"start":{"line":71,"column":29},"end":{"line":73,"column":13}},"line":71}},"branchMap":{},"s":{"0":0,"1":0,"2":0,"3":0,"4":0,"5":0,"6":0,"7":0,"8":0,"9":0,"10":0,"11":0,"12":0,"13":0,"14":0,"15":0,"16":0,"17":0,"18":0},"f":{"0":0,"1":0,"2":0,"3":0,"4":0,"5":0,"6":0},"b":{},"_coverageSchema":"1a1c01bbd47fc00a2c39e90264f33305004495a9","hash":"c99b50bd61a237295232d07fa3bbc44fd5df142b"}
,"/home/limzz/gaffy/src/components/NavMenu/NavMenu.jsx": {"path":"/home/limzz/gaffy/src/components/NavMenu/NavMenu.jsx","statementMap":{"0":{"start":{"line":34,"column":16},"end":{"line":189,"column":1}},"1":{"start":{"line":35,"column":21},"end":{"line":35,"column":50}},"2":{"start":{"line":36,"column":19},"end":{"line":36,"column":32}},"3":{"start":{"line":37,"column":15},"end":{"line":69,"column":3}},"4":{"start":{"line":71,"column":2},"end":{"line":80,"column":3}},"5":{"start":{"line":72,"column":4},"end":{"line":79,"column":6}},"6":{"start":{"line":81,"column":2},"end":{"line":90,"column":3}},"7":{"start":{"line":82,"column":4},"end":{"line":89,"column":6}},"8":{"start":{"line":92,"column":2},"end":{"line":101,"column":3}},"9":{"start":{"line":93,"column":4},"end":{"line":100,"column":6}},"10":{"start":{"line":103,"column":2},"end":{"line":112,"column":3}},"11":{"start":{"line":104,"column":4},"end":{"line":111,"column":6}},"12":{"start":{"line":113,"column":2},"end":{"line":188,"column":4}},"13":{"start":{"line":119,"column":10},"end":{"line":119,"column":22}},"14":{"start":{"line":120,"column":10},"end":{"line":120,"column":30}},"15":{"start":{"line":134,"column":29},"end":{"line":134,"column":61}},"16":{"start":{"line":146,"column":29},"end":{"line":146,"column":63}},"17":{"start":{"line":158,"column":29},"end":{"line":158,"column":62}},"18":{"start":{"line":170,"column":29},"end":{"line":170,"column":64}}},"fnMap":{"0":{"name":"(anonymous_0)","decl":{"start":{"line":34,"column":16},"end":{"line":34,"column":17}},"loc":{"start":{"line":34,"column":51},"end":{"line":189,"column":1}},"line":34},"1":{"name":"(anonymous_1)","decl":{"start":{"line":118,"column":17},"end":{"line":118,"column":18}},"loc":{"start":{"line":118,"column":23},"end":{"line":121,"column":9}},"line":118},"2":{"name":"(anonymous_2)","decl":{"start":{"line":134,"column":23},"end":{"line":134,"column":24}},"loc":{"start":{"line":134,"column":29},"end":{"line":134,"column":61}},"line":134},"3":{"name":"(anonymous_3)","decl":{"start":{"line":146,"column":23},"end":{"line":146,"column":24}},"loc":{"start":{"line":146,"column":29},"end":{"line":146,"column":63}},"line":146},"4":{"name":"(anonymous_4)","decl":{"start":{"line":158,"column":23},"end":{"line":158,"column":24}},"loc":{"start":{"line":158,"column":29},"end":{"line":158,"column":62}},"line":158},"5":{"name":"(anonymous_5)","decl":{"start":{"line":170,"column":23},"end":{"line":170,"column":24}},"loc":{"start":{"line":170,"column":29},"end":{"line":170,"column":64}},"line":170}},"branchMap":{"0":{"loc":{"start":{"line":71,"column":2},"end":{"line":80,"column":3}},"type":"if","locations":[{"start":{"line":71,"column":2},"end":{"line":80,"column":3}},{"start":{},"end":{}}],"line":71},"1":{"loc":{"start":{"line":71,"column":6},"end":{"line":71,"column":42}},"type":"binary-expr","locations":[{"start":{"line":71,"column":6},"end":{"line":71,"column":16}},{"start":{"line":71,"column":20},"end":{"line":71,"column":42}}],"line":71},"2":{"loc":{"start":{"line":81,"column":2},"end":{"line":90,"column":3}},"type":"if","locations":[{"start":{"line":81,"column":2},"end":{"line":90,"column":3}},{"start":{},"end":{}}],"line":81},"3":{"loc":{"start":{"line":81,"column":6},"end":{"line":81,"column":44}},"type":"binary-expr","locations":[{"start":{"line":81,"column":6},"end":{"line":81,"column":16}},{"start":{"line":81,"column":20},"end":{"line":81,"column":44}}],"line":81},"4":{"loc":{"start":{"line":92,"column":2},"end":{"line":101,"column":3}},"type":"if","locations":[{"start":{"line":92,"column":2},"end":{"line":101,"column":3}},{"start":{},"end":{}}],"line":92},"5":{"loc":{"start":{"line":92,"column":6},"end":{"line":92,"column":45}},"type":"binary-expr","locations":[{"start":{"line":92,"column":6},"end":{"line":92,"column":16}},{"start":{"line":92,"column":20},"end":{"line":92,"column":45}}],"line":92},"6":{"loc":{"start":{"line":103,"column":2},"end":{"line":112,"column":3}},"type":"if","locations":[{"start":{"line":103,"column":2},"end":{"line":112,"column":3}},{"start":{},"end":{}}],"line":103},"7":{"loc":{"start":{"line":103,"column":6},"end":{"line":103,"column":43}},"type":"binary-expr","locations":[{"start":{"line":103,"column":6},"end":{"line":103,"column":16}},{"start":{"line":103,"column":20},"end":{"line":103,"column":43}}],"line":103}},"s":{"0":1,"1":1,"2":1,"3":1,"4":1,"5":0,"6":1,"7":0,"8":1,"9":0,"10":1,"11":0,"12":1,"13":0,"14":0,"15":0,"16":0,"17":0,"18":0},"f":{"0":1,"1":0,"2":0,"3":0,"4":0,"5":0},"b":{"0":[0,1],"1":[1,0],"2":[0,1],"3":[1,0],"4":[0,1],"5":[1,0],"6":[0,1],"7":[1,0]},"_coverageSchema":"1a1c01bbd47fc00a2c39e90264f33305004495a9","hash":"0f47b705afe1711c421f8cdffcd157e16c58b053"}
,"/home/limzz/gaffy/src/components/footer/Footer.jsx": {"path":"/home/limzz/gaffy/src/components/footer/Footer.jsx","statementMap":{"0":{"start":{"line":4,"column":2},"end":{"line":8,"column":4}}},"fnMap":{"0":{"name":"Footer","decl":{"start":{"line":3,"column":9},"end":{"line":3,"column":15}},"loc":{"start":{"line":3,"column":18},"end":{"line":9,"column":1}},"line":3}},"branchMap":{},"s":{"0":1},"f":{"0":1},"b":{},"_coverageSchema":"1a1c01bbd47fc00a2c39e90264f33305004495a9","hash":"f91563b5435829c5d617a71b9e3949f6ca977922"}
,"/home/limzz/gaffy/src/components/singleGame/SingleGame.jsx": {"path":"/home/limzz/gaffy/src/components/singleGame/SingleGame.jsx","statementMap":{"0":{"start":{"line":14,"column":19},"end":{"line":14,"column":32}},"1":{"start":{"line":15,"column":19},"end":{"line":15,"column":32}},"2":{"start":{"line":16,"column":19},"end":{"line":16,"column":46}},"3":{"start":{"line":20,"column":25},"end":{"line":20,"column":72}},"4":{"start":{"line":20,"column":49},"end":{"line":20,"column":71}},"5":{"start":{"line":22,"column":4},"end":{"line":24,"column":5}},"6":{"start":{"line":23,"column":6},"end":{"line":23,"column":51}},"7":{"start":{"line":26,"column":4},"end":{"line":30,"column":5}},"8":{"start":{"line":27,"column":6},"end":{"line":29,"column":8}},"9":{"start":{"line":33,"column":2},"end":{"line":75,"column":4}},"10":{"start":{"line":45,"column":10},"end":{"line":45,"column":52}},"11":{"start":{"line":57,"column":35},"end":{"line":57,"column":61}},"12":{"start":{"line":61,"column":31},"end":{"line":61,"column":61}},"13":{"start":{"line":68,"column":31},"end":{"line":68,"column":61}}},"fnMap":{"0":{"name":"SingleGame","decl":{"start":{"line":13,"column":9},"end":{"line":13,"column":19}},"loc":{"start":{"line":13,"column":59},"end":{"line":76,"column":1}},"line":13},"1":{"name":"handleClick","decl":{"start":{"line":19,"column":11},"end":{"line":19,"column":22}},"loc":{"start":{"line":19,"column":63},"end":{"line":31,"column":3}},"line":19},"2":{"name":"(anonymous_2)","decl":{"start":{"line":20,"column":39},"end":{"line":20,"column":40}},"loc":{"start":{"line":20,"column":49},"end":{"line":20,"column":71}},"line":20},"3":{"name":"(anonymous_3)","decl":{"start":{"line":44,"column":17},"end":{"line":44,"column":18}},"loc":{"start":{"line":44,"column":23},"end":{"line":46,"column":9}},"line":44},"4":{"name":"(anonymous_4)","decl":{"start":{"line":57,"column":25},"end":{"line":57,"column":26}},"loc":{"start":{"line":57,"column":35},"end":{"line":57,"column":61}},"line":57},"5":{"name":"(anonymous_5)","decl":{"start":{"line":61,"column":25},"end":{"line":61,"column":26}},"loc":{"start":{"line":61,"column":31},"end":{"line":61,"column":61}},"line":61},"6":{"name":"(anonymous_6)","decl":{"start":{"line":68,"column":25},"end":{"line":68,"column":26}},"loc":{"start":{"line":68,"column":31},"end":{"line":68,"column":61}},"line":68}},"branchMap":{"0":{"loc":{"start":{"line":22,"column":4},"end":{"line":24,"column":5}},"type":"if","locations":[{"start":{"line":22,"column":4},"end":{"line":24,"column":5}},{"start":{},"end":{}}],"line":22},"1":{"loc":{"start":{"line":26,"column":4},"end":{"line":30,"column":5}},"type":"if","locations":[{"start":{"line":26,"column":4},"end":{"line":30,"column":5}},{"start":{},"end":{}}],"line":26},"2":{"loc":{"start":{"line":57,"column":11},"end":{"line":71,"column":11}},"type":"cond-expr","locations":[{"start":{"line":58,"column":12},"end":{"line":63,"column":21}},{"start":{"line":65,"column":12},"end":{"line":70,"column":21}}],"line":57}},"s":{"0":0,"1":0,"2":0,"3":0,"4":0,"5":0,"6":0,"7":0,"8":0,"9":0,"10":0,"11":0,"12":0,"13":0},"f":{"0":0,"1":0,"2":0,"3":0,"4":0,"5":0,"6":0},"b":{"0":[0,0],"1":[0,0],"2":[0,0]},"_coverageSchema":"1a1c01bbd47fc00a2c39e90264f33305004495a9","hash":"77037a08f1be9de5beedaeec14c40805b3887a45"}
,"/home/limzz/gaffy/src/redux/singleGameSlice.js": {"path":"/home/limzz/gaffy/src/redux/singleGameSlice.js","statementMap":{"0":{"start":{"line":3,"column":24},"end":{"line":12,"column":2}},"1":{"start":{"line":8,"column":6},"end":{"line":8,"column":27}},"2":{"start":{"line":9,"column":6},"end":{"line":9,"column":48}},"3":{"start":{"line":14,"column":36},"end":{"line":14,"column":68}},"4":{"start":{"line":14,"column":47},"end":{"line":14,"column":68}},"5":{"start":{"line":16,"column":29},"end":{"line":16,"column":52}}},"fnMap":{"0":{"name":"(anonymous_0)","decl":{"start":{"line":7,"column":15},"end":{"line":7,"column":16}},"loc":{"start":{"line":7,"column":39},"end":{"line":10,"column":5}},"line":7},"1":{"name":"(anonymous_1)","decl":{"start":{"line":14,"column":36},"end":{"line":14,"column":37}},"loc":{"start":{"line":14,"column":47},"end":{"line":14,"column":68}},"line":14}},"branchMap":{"0":{"loc":{"start":{"line":5,"column":24},"end":{"line":5,"column":64}},"type":"binary-expr","locations":[{"start":{"line":5,"column":24},"end":{"line":5,"column":56}},{"start":{"line":5,"column":60},"end":{"line":5,"column":64}}],"line":5}},"s":{"0":1,"1":0,"2":0,"3":1,"4":0,"5":1},"f":{"0":0,"1":0},"b":{"0":[1,1]},"_coverageSchema":"1a1c01bbd47fc00a2c39e90264f33305004495a9","hash":"c1e59e2f0eb71753007536fed54e3259fcbeb23a"}
}
