TN:
SF:src/App.js
FN:9,(anonymous_0)
FN:10,(anonymous_1)
FN:12,App
FNF:3
FNH:2
FNDA:1,(anonymous_0)
FNDA:0,(anonymous_1)
FNDA:2,App
DA:9,1
DA:10,1
DA:13,2
LF:3
LH:3
BRF:0
BRH:0
end_of_record
TN:
SF:src/components/Favorites/Favorites.jsx
FN:8,(anonymous_0)
FN:19,(anonymous_1)
FN:28,(anonymous_2)
FN:35,Favorites
FN:47,(anonymous_4)
FN:54,(anonymous_5)
FNF:6
FNH:1
FNDA:0,(anonymous_0)
FNDA:0,(anonymous_1)
FNDA:0,(anonymous_2)
FNDA:1,Favorites
FNDA:0,(anonymous_4)
FNDA:0,(anonymous_5)
DA:8,1
DA:9,0
DA:10,0
DA:12,0
DA:19,0
DA:28,0
DA:36,1
DA:38,1
DA:48,0
DA:55,0
LF:10
LH:3
BRDA:53,0,0,0
BRDA:53,0,1,1
BRF:2
BRH:1
end_of_record
TN:
SF:src/components/GamesList/GamesList.jsx
FN:15,GamesList
FN:24,(anonymous_1)
FN:25,(anonymous_2)
FN:44,(anonymous_3)
FN:59,(anonymous_4)
FN:60,(anonymous_5)
FN:72,(anonymous_6)
FN:73,(anonymous_7)
FNF:8
FNH:3
FNDA:1,GamesList
FNDA:1,(anonymous_1)
FNDA:1,(anonymous_2)
FNDA:0,(anonymous_3)
FNDA:0,(anonymous_4)
FNDA:0,(anonymous_5)
FNDA:0,(anonymous_6)
FNDA:0,(anonymous_7)
DA:16,1
DA:17,1
DA:18,1
DA:20,1
DA:21,1
DA:22,1
DA:24,1
DA:25,1
DA:26,1
DA:27,0
DA:28,0
DA:29,0
DA:34,1
DA:35,0
DA:45,0
DA:60,0
DA:61,0
DA:73,0
DA:74,0
DA:87,1
LF:20
LH:11
BRDA:26,0,0,0
BRDA:26,0,1,1
BRDA:26,1,0,1
BRDA:26,1,1,0
BRDA:34,2,0,0
BRDA:34,2,1,1
BRDA:56,3,0,0
BRDA:56,3,1,0
BRDA:69,4,0,0
BRDA:69,4,1,0
BRF:10
BRH:3
end_of_record
TN:
SF:src/components/HeaderHome/HeaderHome.jsx
FN:8,HeaderHome
FN:23,(anonymous_1)
FNF:2
FNH:1
FNDA:1,HeaderHome
FNDA:0,(anonymous_1)
DA:9,1
DA:24,0
LF:2
LH:1
BRF:0
BRH:0
end_of_record
TN:
SF:src/components/ItemTag/ItemTag.jsx
FN:15,ItemTag
FN:23,(anonymous_1)
FN:33,(anonymous_2)
FN:38,(anonymous_3)
FN:59,(anonymous_4)
FN:68,(anonymous_5)
FN:71,(anonymous_6)
FNF:7
FNH:0
FNDA:0,ItemTag
FNDA:0,(anonymous_1)
FNDA:0,(anonymous_2)
FNDA:0,(anonymous_3)
FNDA:0,(anonymous_4)
FNDA:0,(anonymous_5)
FNDA:0,(anonymous_6)
DA:16,0
DA:18,0
DA:24,0
DA:25,0
DA:34,0
DA:40,0
DA:41,0
DA:42,0
DA:43,0
DA:44,0
DA:45,0
DA:46,0
DA:47,0
DA:60,0
DA:61,0
DA:69,0
DA:70,0
DA:71,0
DA:72,0
LF:19
LH:0
BRF:0
BRH:0
end_of_record
TN:
SF:src/components/NavMenu/NavMenu.jsx
FN:34,(anonymous_0)
FN:118,(anonymous_1)
FN:134,(anonymous_2)
FN:146,(anonymous_3)
FN:158,(anonymous_4)
FN:170,(anonymous_5)
FNF:6
FNH:1
FNDA:1,(anonymous_0)
FNDA:0,(anonymous_1)
FNDA:0,(anonymous_2)
FNDA:0,(anonymous_3)
FNDA:0,(anonymous_4)
FNDA:0,(anonymous_5)
DA:34,1
DA:35,1
DA:36,1
DA:37,1
DA:71,1
DA:72,0
DA:81,1
DA:82,0
DA:92,1
DA:93,0
DA:103,1
DA:104,0
DA:113,1
DA:119,0
DA:120,0
DA:134,0
DA:146,0
DA:158,0
DA:170,0
LF:19
LH:9
BRDA:71,0,0,0
BRDA:71,0,1,1
BRDA:71,1,0,1
BRDA:71,1,1,0
BRDA:81,2,0,0
BRDA:81,2,1,1
BRDA:81,3,0,1
BRDA:81,3,1,0
BRDA:92,4,0,0
BRDA:92,4,1,1
BRDA:92,5,0,1
BRDA:92,5,1,0
BRDA:103,6,0,0
BRDA:103,6,1,1
BRDA:103,7,0,1
BRDA:103,7,1,0
BRF:16
BRH:8
end_of_record
TN:
SF:src/components/footer/Footer.jsx
FN:3,Footer
FNF:1
FNH:1
FNDA:1,Footer
DA:4,1
LF:1
LH:1
BRF:0
BRH:0
end_of_record
TN:
SF:src/components/singleGame/SingleGame.jsx
FN:13,SingleGame
FN:19,handleClick
FN:20,(anonymous_2)
FN:44,(anonymous_3)
FN:57,(anonymous_4)
FN:61,(anonymous_5)
FN:68,(anonymous_6)
FNF:7
FNH:0
FNDA:0,SingleGame
FNDA:0,handleClick
FNDA:0,(anonymous_2)
FNDA:0,(anonymous_3)
FNDA:0,(anonymous_4)
FNDA:0,(anonymous_5)
FNDA:0,(anonymous_6)
DA:14,0
DA:15,0
DA:16,0
DA:20,0
DA:22,0
DA:23,0
DA:26,0
DA:27,0
DA:33,0
DA:45,0
DA:57,0
DA:61,0
DA:68,0
LF:13
LH:0
BRDA:22,0,0,0
BRDA:22,0,1,0
BRDA:26,1,0,0
BRDA:26,1,1,0
BRDA:57,2,0,0
BRDA:57,2,1,0
BRF:6
BRH:0
end_of_record
TN:
SF:src/redux/singleGameSlice.js
FN:7,(anonymous_0)
FN:14,(anonymous_1)
FNF:2
FNH:0
FNDA:0,(anonymous_0)
FNDA:0,(anonymous_1)
DA:3,1
DA:8,0
DA:9,0
DA:14,1
DA:16,1
LF:5
LH:3
BRDA:5,0,0,1
BRDA:5,0,1,1
BRF:2
BRH:2
end_of_record
